2022-06-30 15:38:07 ERROR GlobalExceptionHandler:21 - could not execute statement; SQL [n/a]; constraint [FK1M8W9IMSJBNCQEK8560HHPWDL]; nested exception is org.hibernate.exception.ConstraintViolationException: could not execute statement
2022-06-30 17:10:44 ERROR GlobalExceptionHandler:21 - could not execute statement; SQL [n/a]; constraint ["PUBLIC.UK_HOL387X0OURGRUYNYQEWDHV37_INDEX_E ON PUBLIC.PACIENTES(DNI NULLS FIRST) VALUES ( /* 1 */ '56.369.963' )"; SQL statement:
insert into patients (id, apellido, dni, id_domicilio, email, fecha_ingreso, nombre) values (default, ?, ?, ?, ?, ?, ?) [23505-212]]; nested exception is org.hibernate.exception.ConstraintViolationException: could not execute statement
2022-06-30 22:48:01 ERROR GlobalExceptionHandler:21 - could not execute statement; SQL [n/a]; constraint ["PUBLIC.UK_HOL387X0OURGRUYNYQEWDHV37_INDEX_E ON PUBLIC.PACIENTES(DNI NULLS FIRST) VALUES ( /* 1 */ '40.456.789' )"; SQL statement:
insert into patients (id, apellido, dni, id_domicilio, email, fecha_ingreso, nombre) values (default, ?, ?, ?, ?, ?, ?) [23505-212]]; nested exception is org.hibernate.exception.ConstraintViolationException: could not execute statement
2022-06-30 22:51:31 ERROR GlobalExceptionHandler:21 - could not execute statement; SQL [n/a]; constraint ["PUBLIC.UK_HOL387X0OURGRUYNYQEWDHV37_INDEX_E ON PUBLIC.PACIENTES(DNI NULLS FIRST) VALUES ( /* 3 */ '40.456.788' )"; SQL statement:
insert into patients (id, apellido, dni, id_domicilio, email, fecha_ingreso, nombre) values (default, ?, ?, ?, ?, ?, ?) [23505-212]]; nested exception is org.hibernate.exception.ConstraintViolationException: could not execute statement
2022-07-01 15:14:40 ERROR GlobalExceptionHandler:21 - Request method 'DELETE' not supported
2022-07-01 15:16:40 ERROR GlobalExceptionHandler:21 - Request method 'DELETE' not supported
2022-07-01 17:47:33 ERROR GlobalExceptionHandler:21 - JSON parse error: Cannot construct instance of `com.example.clinicaDental.entity.Patient` (although at least one Creator exists): no String-argument constructor/factory method to deserialize from String value ('40'); nested exception is com.fasterxml.jackson.databind.exc.MismatchedInputException: Cannot construct instance of `com.example.clinicaDental.entity.Patient` (although at least one Creator exists): no String-argument constructor/factory method to deserialize from String value ('40')
 at [Source: (org.springframework.util.StreamUtils$NonClosingInputStream); line: 1, column: 59] (through reference chain: com.example.clinicaDental.dto.AppointmentDTO["patient"])
2022-07-01 17:55:30 ERROR GlobalExceptionHandler:21 - JSON parse error: Cannot construct instance of `com.example.clinicaDental.entity.Patient` (although at least one Creator exists): no String-argument constructor/factory method to deserialize from String value ('33'); nested exception is com.fasterxml.jackson.databind.exc.MismatchedInputException: Cannot construct instance of `com.example.clinicaDental.entity.Patient` (although at least one Creator exists): no String-argument constructor/factory method to deserialize from String value ('33')
 at [Source: (org.springframework.util.StreamUtils$NonClosingInputStream); line: 1, column: 59] (through reference chain: com.example.clinicaDental.dto.AppointmentDTO["patient"])
2022-07-01 17:56:58 ERROR GlobalExceptionHandler:21 - could not execute statement; SQL [n/a]; constraint [FKQ1VGSF0YRJE1JLYOPN1BMCGW3]; nested exception is org.hibernate.exception.ConstraintViolationException: could not execute statement
2022-07-01 19:40:02 ERROR GlobalExceptionHandler:21 - could not execute statement; SQL [n/a]; constraint ["FK1M8W9IMSJBNCQEK8560HHPWDL: PUBLIC.TURNOS FOREIGN KEY(ID_ODONTOLOGO) REFERENCES PUBLIC.ODONTOLOGOS(ID) (CAST(2 AS BIGINT))"; SQL statement:
delete from dentists where id=? [23503-212]]; nested exception is org.hibernate.exception.ConstraintViolationException: could not execute statement
2022-07-04 12:32:53 ERROR GlobalExceptionHandler:21 - could not execute statement; SQL [n/a]; constraint [FKDMTGVYGXLBJLWJ7XMWVJJOHU4]; nested exception is org.hibernate.exception.ConstraintViolationException: could not execute statement
2022-07-04 12:34:33 ERROR GlobalExceptionHandler:21 - Failed to convert value of type 'java.lang.String' to required type 'java.lang.Long'; nested exception is java.lang.NumberFormatException: For input string: "null"
2022-07-04 12:38:24 ERROR GlobalExceptionHandler:21 - Failed to convert value of type 'java.lang.String' to required type 'java.lang.Long'; nested exception is java.lang.NumberFormatException: For input string: "null"
2022-07-04 12:39:16 ERROR GlobalExceptionHandler:21 - Failed to convert value of type 'java.lang.String' to required type 'java.lang.Long'; nested exception is java.lang.NumberFormatException: For input string: "null"
2022-07-04 12:39:35 ERROR GlobalExceptionHandler:21 - Failed to convert value of type 'java.lang.String' to required type 'java.lang.Long'; nested exception is java.lang.NumberFormatException: For input string: "null"
2022-07-04 12:48:34 ERROR GlobalExceptionHandler:21 - Failed to convert value of type 'java.lang.String' to required type 'java.lang.Long'; nested exception is java.lang.NumberFormatException: For input string: "null"
